<?xml version="1.0" encoding="UTF-8"?>
<!-- Generated by org.testng.reporters.JUnitReportReporter -->
<testsuite hostname="QT-INBG-LT0417" failures="0" tests="10" name="mobileWorld.AllMobiles" time="9.751" errors="0" timestamp="2022-06-16T20:28:16 IST" skipped="0">
  <testcase classname="mobileWorld.AllMobiles" name="launchBrowser" time="5.846"/>
  <system-out/>
  <testcase classname="mobileWorld.AllMobiles" name="allMobiles" time="0.625"/>
  <system-out/>
  <testcase classname="mobileWorld.AllMobiles" name="searchLenovo" time="0.261"/>
  <system-out/>
  <testcase classname="mobileWorld.AllMobiles" name="searchSamsung" time="0.190"/>
  <system-out/>
  <testcase classname="mobileWorld.AllMobiles" name="wrongApple" time="0.180"/>
  <system-out/>
  <testcase classname="mobileWorld.AllMobiles" name="wrongSamsung" time="0.118"/>
  <system-out/>
  <testcase classname="mobileWorld.AllMobiles" name="twoCharacter" time="0.140"/>
  <system-out/>
  <testcase classname="mobileWorld.AllMobiles" name="InvalidMob" time="0.128"/>
  <system-out/>
  <testcase classname="mobileWorld.AllMobiles" name="order" time="2.197"/>
  <system-out/>
  <testcase classname="mobileWorld.AllMobiles" name="courseVerify" time="0.066"/>
  <system-out/>
</testsuite> <!-- mobileWorld.AllMobiles -->
