<?xml version="1.0" encoding="UTF-8"?>
<!-- Generated by org.testng.reporters.JUnitReportReporter -->
<testsuite hostname="QT-INBG-LT0417" failures="0" tests="4" name="mobileWorld.SignIn" time="7.175" errors="0" timestamp="2022-06-16T11:46:13 IST" skipped="0">
  <testcase classname="mobileWorld.SignIn" name="launchBrowser" time="4.680"/>
  <system-out/>
  <testcase classname="mobileWorld.SignIn" name="enterUserName" time="0.104"/>
  <system-out/>
  <testcase classname="mobileWorld.SignIn" name="enterPassword" time="0.075"/>
  <system-out/>
  <testcase classname="mobileWorld.SignIn" name="clickOnLogin" time="2.316"/>
  <system-out/>
</testsuite> <!-- mobileWorld.SignIn -->
