<?xml version="1.0" encoding="UTF-8"?>
<!-- Generated by org.testng.reporters.JUnitReportReporter -->
<testsuite hostname="QT-INBG-LT0417" failures="0" tests="7" name="mobileWorld.HomePage" time="11.269" errors="0" timestamp="2022-06-16T12:11:46 IST" skipped="0">
  <testcase classname="mobileWorld.HomePage" name="launchBrowser" time="3.874"/>
  <system-out/>
  <testcase classname="mobileWorld.HomePage" name="verifyWelcome" time="0.066"/>
  <system-out/>
  <testcase classname="mobileWorld.HomePage" name="verifyLatest" time="0.056"/>
  <system-out/>
  <testcase classname="mobileWorld.HomePage" name="clickOnVerify" time="2.216"/>
  <system-out/>
  <testcase classname="mobileWorld.HomePage" name="clickOnMore" time="2.565"/>
  <system-out/>
  <testcase classname="mobileWorld.HomePage" name="clickOnSupport" time="0.077"/>
  <system-out/>
  <testcase classname="mobileWorld.HomePage" name="clickOnContact" time="2.415"/>
  <system-out/>
</testsuite> <!-- mobileWorld.HomePage -->
