<?xml version="1.0" encoding="UTF-8"?>
<!-- Generated by org.testng.reporters.JUnitReportReporter -->
<testsuite hostname="QT-INBG-LT0417" failures="0" tests="1" name="mobileWorld.Demo" time="9.371" errors="0" timestamp="2022-06-16T11:13:17 IST" skipped="0">
  <testcase classname="mobileWorld.Demo" name="demo" time="9.371"/>
  <system-out/>
</testsuite> <!-- mobileWorld.Demo -->
