<?xml version="1.0" encoding="UTF-8"?>
<!-- Generated by org.testng.reporters.JUnitReportReporter -->
<testsuite hostname="QT-INBG-LT0417" failures="0" tests="7" name="mobileWorld.ContactUs" time="14.766" errors="0" timestamp="2022-06-16T11:39:26 IST" skipped="0">
  <testcase classname="mobileWorld.ContactUs" name="launchBrowser" time="6.474"/>
  <system-out/>
  <testcase classname="mobileWorld.ContactUs" name="enterName" time="0.081"/>
  <system-out/>
  <testcase classname="mobileWorld.ContactUs" name="clickContactUs" time="2.441"/>
  <system-out/>
  <testcase classname="mobileWorld.ContactUs" name="enterMail" time="0.081"/>
  <system-out/>
  <testcase classname="mobileWorld.ContactUs" name="enterPhoneNumber" time="0.073"/>
  <system-out/>
  <testcase classname="mobileWorld.ContactUs" name="enterMessage" time="5.087"/>
  <system-out/>
  <testcase classname="mobileWorld.ContactUs" name="clickOnSend" time="0.529"/>
  <system-out/>
</testsuite> <!-- mobileWorld.ContactUs -->
