<?xml version="1.0" encoding="UTF-8"?>
<!-- Generated by org.testng.reporters.JUnitReportReporter -->
<testsuite hostname="QT-INBG-LT0417" failures="0" tests="11" name="mobileWorld.SignUp" time="12.463" errors="0" timestamp="2022-06-16T12:02:15 IST" skipped="0">
  <testcase classname="mobileWorld.SignUp" name="launchBrowser" time="3.843"/>
  <system-out/>
  <testcase classname="mobileWorld.SignUp" name="clickOnSignUp" time="0.698"/>
  <system-out/>
  <testcase classname="mobileWorld.SignUp" name="enterFirstName" time="0.091"/>
  <system-out/>
  <testcase classname="mobileWorld.SignUp" name="enterLastName" time="0.072"/>
  <system-out/>
  <testcase classname="mobileWorld.SignUp" name="enterMail" time="0.087"/>
  <system-out/>
  <testcase classname="mobileWorld.SignUp" name="enterPassword" time="0.070"/>
  <system-out/>
  <testcase classname="mobileWorld.SignUp" name="enterDOB" time="0.073"/>
  <system-out/>
  <testcase classname="mobileWorld.SignUp" name="selectGender" time="0.123"/>
  <system-out/>
  <testcase classname="mobileWorld.SignUp" name="enterPhoneNumber" time="0.146"/>
  <system-out/>
  <testcase classname="mobileWorld.SignUp" name="clickOnRegister" time="2.190"/>
  <system-out/>
  <testcase classname="mobileWorld.SignUp" name="clickOnSignIn" time="5.070"/>
  <system-out/>
</testsuite> <!-- mobileWorld.SignUp -->
