<?xml version="1.0" encoding="UTF-8"?>
<!-- Generated by org.testng.reporters.JUnitReportReporter -->
<testsuite hostname="QT-INBG-LT0417" failures="0" tests="18" name="mobileWorld.Order" time="13.108" errors="0" timestamp="2022-06-16T12:07:57 IST" skipped="0">
  <testcase classname="mobileWorld.Order" name="launchBrowser" time="4.127"/>
  <system-out/>
  <testcase classname="mobileWorld.Order" name="enterFirstName" time="0.108"/>
  <system-out/>
  <testcase classname="mobileWorld.Order" name="enterLastName" time="0.077"/>
  <system-out/>
  <testcase classname="mobileWorld.Order" name="enterEmailId" time="0.088"/>
  <system-out/>
  <testcase classname="mobileWorld.Order" name="enterPassword" time="0.123"/>
  <system-out/>
  <testcase classname="mobileWorld.Order" name="selectGender" time="0.133"/>
  <system-out/>
  <testcase classname="mobileWorld.Order" name="enterNumber" time="0.125"/>
  <system-out/>
  <testcase classname="mobileWorld.Order" name="enterAddress1" time="0.082"/>
  <system-out/>
  <testcase classname="mobileWorld.Order" name="enterAddress2" time="0.073"/>
  <system-out/>
  <testcase classname="mobileWorld.Order" name="enterCity" time="0.073"/>
  <system-out/>
  <testcase classname="mobileWorld.Order" name="selectState" time="0.083"/>
  <system-out/>
  <testcase classname="mobileWorld.Order" name="enterZIP" time="0.065"/>
  <system-out/>
  <testcase classname="mobileWorld.Order" name="selectBrand" time="0.117"/>
  <system-out/>
  <testcase classname="mobileWorld.Order" name="selectModel" time="0.064"/>
  <system-out/>
  <testcase classname="mobileWorld.Order" name="enterCount" time="0.061"/>
  <system-out/>
  <testcase classname="mobileWorld.Order" name="selectHaveYouBought" time="0.080"/>
  <system-out/>
  <testcase classname="mobileWorld.Order" name="selectCheck" time="0.223"/>
  <system-out/>
  <testcase classname="mobileWorld.Order" name="selectOrder" time="7.406"/>
  <system-out/>
</testsuite> <!-- mobileWorld.Order -->
